build/app/intermediates/manifest_merge_blame_file/release/manifest-merger-blame-release-report.txt
1<?xml version="1.0" encoding="utf-8"?>
2<manifest xmlns:android="http://schemas.android.com/apk/res/android"
3    package="com.chatAppLocation"
4    android:versionCode="1"
5    android:versionName="1.0.0" >
6
7    <uses-sdk
8        android:minSdkVersion="21"
8-->src/main/AndroidManifest.xml
9        android:targetSdkVersion="28" />
9-->src/main/AndroidManifest.xml
10    <!--
11         io.flutter.app.FlutterApplication is an android.app.Application that
12         calls FlutterMain.startInitialization(this); in its onCreate method.
13         In most cases you can leave this as-is, but you if you want to provide
14         additional functionality it is fine to subclass or reimplement
15         FlutterApplication and put your custom class here.
16    -->
17    <uses-permission android:name="android.permission.INTERNET" />
17-->src/main/AndroidManifest.xml:8:5-66
17-->src/main/AndroidManifest.xml:8:22-64
18    <uses-permission android:name="android.permission.ACCESS_COARSE_LOCATION" />
18-->src/main/AndroidManifest.xml:9:5-80
18-->src/main/AndroidManifest.xml:9:22-78
19    <uses-permission android:name="android.permission.ACCESS_FINE_LOCATION" />
19-->src/main/AndroidManifest.xml:10:5-78
19-->src/main/AndroidManifest.xml:10:22-76
20    <uses-permission android:name="android.permission.SYSTEM_ALERT_WINDOW" />
20-->[:hardware_buttons] AndroidManifest.xml:7:5-78
20-->[:hardware_buttons] AndroidManifest.xml:7:22-75
21    <uses-permission android:name="android.permission.READ_SMS" />
21-->[:sms_maintained] AndroidManifest.xml:7:5-67
21-->[:sms_maintained] AndroidManifest.xml:7:22-64
22    <uses-permission android:name="android.permission.SEND_SMS" />
22-->[:sms_maintained] AndroidManifest.xml:8:5-67
22-->[:sms_maintained] AndroidManifest.xml:8:22-64
23    <uses-permission android:name="android.permission.RECEIVE_SMS" />
23-->[:sms_maintained] AndroidManifest.xml:9:5-70
23-->[:sms_maintained] AndroidManifest.xml:9:22-67
24    <uses-permission android:name="android.permission.READ_PHONE_STATE" />
24-->[:sms_maintained] AndroidManifest.xml:10:5-75
24-->[:sms_maintained] AndroidManifest.xml:10:22-72
25    <uses-permission android:name="android.permission.READ_CONTACTS" />
25-->[:sms_maintained] AndroidManifest.xml:11:5-72
25-->[:sms_maintained] AndroidManifest.xml:11:22-69
26    <uses-permission android:name="android.permission.READ_PROFILE" /> <!-- Although the *SdkVersion is captured in gradle build files, this is required for non gradle builds -->
26-->[:sms_maintained] AndroidManifest.xml:12:5-71
26-->[:sms_maintained] AndroidManifest.xml:12:22-68
27    <!-- <uses-sdk android:minSdkVersion="14" /> -->
28    <uses-permission android:name="android.permission.ACCESS_NETWORK_STATE" />
28-->[com.google.firebase:firebase-firestore:23.0.1] AndroidManifest.xml:13:5-79
28-->[com.google.firebase:firebase-firestore:23.0.1] AndroidManifest.xml:13:22-76
29
30    <uses-feature
30-->[com.google.android.gms:play-services-maps:17.0.0] AndroidManifest.xml:26:5-28:35
31        android:glEsVersion="0x00020000"
31-->[com.google.android.gms:play-services-maps:17.0.0] AndroidManifest.xml:27:9-41
32        android:required="true" />
32-->[com.google.android.gms:play-services-maps:17.0.0] AndroidManifest.xml:28:9-32
33
34    <uses-permission android:name="android.permission.WAKE_LOCK" />
34-->[com.google.android.gms:play-services-measurement-api:19.0.0] AndroidManifest.xml:24:5-68
34-->[com.google.android.gms:play-services-measurement-api:19.0.0] AndroidManifest.xml:24:22-65
35    <uses-permission android:name="com.google.android.finsky.permission.BIND_GET_INSTALL_REFERRER_SERVICE" />
35-->[com.google.android.gms:play-services-measurement:19.0.0] AndroidManifest.xml:26:5-110
35-->[com.google.android.gms:play-services-measurement:19.0.0] AndroidManifest.xml:26:22-107
36
37    <application
37-->src/main/AndroidManifest.xml:11:5-51:19
38        android:name="io.flutter.app.FlutterApplication"
38-->src/main/AndroidManifest.xml:12:9-57
39        android:appComponentFactory="androidx.core.app.CoreComponentFactory"
39-->[androidx.core:core:1.1.0] AndroidManifest.xml:24:18-86
40        android:icon="@mipmap/ic_launcher"
40-->src/main/AndroidManifest.xml:14:9-43
41        android:label="Sambhav" >
41-->src/main/AndroidManifest.xml:13:9-38
42        <meta-data
42-->src/main/AndroidManifest.xml:15:15-16:75
43            android:name="com.google.android.geo.API_KEY"
43-->src/main/AndroidManifest.xml:15:26-71
44            android:value="AIzaSyB8Sgn4CCKPvavOMU8h6nCPFEB53jMvxxQ" />
44-->src/main/AndroidManifest.xml:16:18-73
45
46        <activity
46-->src/main/AndroidManifest.xml:17:9-45:20
47            android:name="com.example.chatApp.MainActivity"
47-->src/main/AndroidManifest.xml:18:13-41
48            android:configChanges="orientation|keyboardHidden|keyboard|screenSize|smallestScreenSize|locale|layoutDirection|fontScale|screenLayout|density|uiMode"
48-->src/main/AndroidManifest.xml:21:13-163
49            android:hardwareAccelerated="true"
49-->src/main/AndroidManifest.xml:22:13-47
50            android:launchMode="singleTop"
50-->src/main/AndroidManifest.xml:19:13-43
51            android:theme="@style/LaunchTheme"
51-->src/main/AndroidManifest.xml:20:13-47
52            android:windowSoftInputMode="adjustResize" >
52-->src/main/AndroidManifest.xml:23:13-55
53
54            <!--
55                 Specifies an Android theme to apply to this Activity as soon as
56                 the Android process has started. This theme is visible to the user
57                 while the Flutter UI initializes. After that, this theme continues
58                 to determine the Window background behind the Flutter UI.
59            -->
60            <meta-data
60-->src/main/AndroidManifest.xml:28:13-31:17
61                android:name="io.flutter.embedding.android.NormalTheme"
61-->src/main/AndroidManifest.xml:29:15-70
62                android:resource="@style/NormalTheme" />
62-->src/main/AndroidManifest.xml:30:15-52
63            <!--
64                 Displays an Android View that continues showing the launch screen
65                 Drawable until Flutter paints its first frame, then this splash
66                 screen fades out. A splash screen is useful to avoid any visual
67                 gap between the end of Android's launch screen and the painting of
68                 Flutter's first frame.
69            -->
70            <meta-data
70-->src/main/AndroidManifest.xml:37:13-40:17
71                android:name="io.flutter.embedding.android.SplashScreenDrawable"
71-->src/main/AndroidManifest.xml:38:15-79
72                android:resource="@drawable/launch_background" />
72-->src/main/AndroidManifest.xml:39:15-61
73
74            <intent-filter>
74-->src/main/AndroidManifest.xml:41:13-44:29
75                <action android:name="android.intent.action.MAIN" />
75-->src/main/AndroidManifest.xml:42:17-68
75-->src/main/AndroidManifest.xml:42:25-66
76
77                <category android:name="android.intent.category.LAUNCHER" />
77-->src/main/AndroidManifest.xml:43:17-76
77-->src/main/AndroidManifest.xml:43:27-74
78            </intent-filter>
79        </activity>
80        <!--
81             Don't delete the meta-data below.
82             This is used by the Flutter tool to generate GeneratedPluginRegistrant.java
83        -->
84        <meta-data
84-->src/main/AndroidManifest.xml:48:9-50:33
85            android:name="flutterEmbedding"
85-->src/main/AndroidManifest.xml:49:13-44
86            android:value="2" />
86-->src/main/AndroidManifest.xml:50:13-30
87
88        <service
88-->[:cloud_firestore] AndroidManifest.xml:8:9-12:19
89            android:name="com.google.firebase.components.ComponentDiscoveryService"
89-->[:cloud_firestore] AndroidManifest.xml:8:18-89
90            android:directBootAware="true"
90-->[com.google.firebase:firebase-common:20.0.0] AndroidManifest.xml:35:13-43
91            android:exported="false" >
91-->[com.google.firebase:firebase-firestore:23.0.1] AndroidManifest.xml:19:13-37
92            <meta-data
92-->[:cloud_firestore] AndroidManifest.xml:9:13-11:85
93                android:name="com.google.firebase.components:io.flutter.plugins.firebase.firestore.FlutterFirebaseFirestoreRegistrar"
93-->[:cloud_firestore] AndroidManifest.xml:10:17-134
94                android:value="com.google.firebase.components.ComponentRegistrar" />
94-->[:cloud_firestore] AndroidManifest.xml:11:17-82
95            <meta-data
95-->[:firebase_auth] AndroidManifest.xml:9:13-11:85
96                android:name="com.google.firebase.components:io.flutter.plugins.firebase.auth.FlutterFirebaseAuthRegistrar"
96-->[:firebase_auth] AndroidManifest.xml:10:17-124
97                android:value="com.google.firebase.components.ComponentRegistrar" />
97-->[:firebase_auth] AndroidManifest.xml:11:17-82
98            <meta-data
98-->[:firebase_core] AndroidManifest.xml:9:13-11:85
99                android:name="com.google.firebase.components:io.flutter.plugins.firebase.core.FlutterFirebaseCoreRegistrar"
99-->[:firebase_core] AndroidManifest.xml:10:17-124
100                android:value="com.google.firebase.components.ComponentRegistrar" />
100-->[:firebase_core] AndroidManifest.xml:11:17-82
101            <meta-data
101-->[com.google.firebase:firebase-firestore:23.0.1] AndroidManifest.xml:20:13-22:85
102                android:name="com.google.firebase.components:com.google.firebase.firestore.FirestoreRegistrar"
102-->[com.google.firebase:firebase-firestore:23.0.1] AndroidManifest.xml:21:17-111
103                android:value="com.google.firebase.components.ComponentRegistrar" />
103-->[com.google.firebase:firebase-firestore:23.0.1] AndroidManifest.xml:22:17-82
104            <meta-data
104-->[com.google.firebase:firebase-auth:21.0.1] AndroidManifest.xml:77:13-79:85
105                android:name="com.google.firebase.components:com.google.firebase.auth.FirebaseAuthRegistrar"
105-->[com.google.firebase:firebase-auth:21.0.1] AndroidManifest.xml:78:17-109
106                android:value="com.google.firebase.components.ComponentRegistrar" />
106-->[com.google.firebase:firebase-auth:21.0.1] AndroidManifest.xml:79:17-82
107            <meta-data
107-->[com.google.android.gms:play-services-measurement-api:19.0.0] AndroidManifest.xml:30:13-32:85
108                android:name="com.google.firebase.components:com.google.firebase.analytics.connector.internal.AnalyticsConnectorRegistrar"
108-->[com.google.android.gms:play-services-measurement-api:19.0.0] AndroidManifest.xml:31:17-139
109                android:value="com.google.firebase.components.ComponentRegistrar" />
109-->[com.google.android.gms:play-services-measurement-api:19.0.0] AndroidManifest.xml:32:17-82
110            <meta-data
110-->[com.google.firebase:firebase-installations:17.0.0] AndroidManifest.xml:18:13-20:85
111                android:name="com.google.firebase.components:com.google.firebase.installations.FirebaseInstallationsRegistrar"
111-->[com.google.firebase:firebase-installations:17.0.0] AndroidManifest.xml:19:17-127
112                android:value="com.google.firebase.components.ComponentRegistrar" />
112-->[com.google.firebase:firebase-installations:17.0.0] AndroidManifest.xml:20:17-82
113        </service>
114
115        <activity
115-->[com.google.android.gms:play-services-auth:16.0.1] AndroidManifest.xml:23:9-27:75
116            android:name="com.google.android.gms.auth.api.signin.internal.SignInHubActivity"
116-->[com.google.android.gms:play-services-auth:16.0.1] AndroidManifest.xml:24:13-93
117            android:excludeFromRecents="true"
117-->[com.google.android.gms:play-services-auth:16.0.1] AndroidManifest.xml:25:13-46
118            android:exported="false"
118-->[com.google.android.gms:play-services-auth:16.0.1] AndroidManifest.xml:26:13-37
119            android:theme="@android:style/Theme.Translucent.NoTitleBar" />
119-->[com.google.android.gms:play-services-auth:16.0.1] AndroidManifest.xml:27:13-72
120        <!--
121            Service handling Google Sign-In user revocation. For apps that do not integrate with
122            Google Sign-In, this service will never be started.
123        -->
124        <service
124-->[com.google.android.gms:play-services-auth:16.0.1] AndroidManifest.xml:33:9-36:110
125            android:name="com.google.android.gms.auth.api.signin.RevocationBoundService"
125-->[com.google.android.gms:play-services-auth:16.0.1] AndroidManifest.xml:34:13-89
126            android:exported="true"
126-->[com.google.android.gms:play-services-auth:16.0.1] AndroidManifest.xml:35:13-36
127            android:permission="com.google.android.gms.auth.api.signin.permission.REVOCATION_NOTIFICATION" /> <!-- Needs to be explicitly declared on P+ -->
127-->[com.google.android.gms:play-services-auth:16.0.1] AndroidManifest.xml:36:13-107
128        <uses-library
128-->[com.google.android.gms:play-services-maps:17.0.0] AndroidManifest.xml:33:9-35:40
129            android:name="org.apache.http.legacy"
129-->[com.google.android.gms:play-services-maps:17.0.0] AndroidManifest.xml:34:13-50
130            android:required="false" />
130-->[com.google.android.gms:play-services-maps:17.0.0] AndroidManifest.xml:35:13-37
131
132        <activity
132-->[com.google.firebase:firebase-auth:21.0.1] AndroidManifest.xml:27:9-44:20
133            android:name="com.google.firebase.auth.internal.GenericIdpActivity"
133-->[com.google.firebase:firebase-auth:21.0.1] AndroidManifest.xml:28:13-80
134            android:excludeFromRecents="true"
134-->[com.google.firebase:firebase-auth:21.0.1] AndroidManifest.xml:29:13-46
135            android:exported="true"
135-->[com.google.firebase:firebase-auth:21.0.1] AndroidManifest.xml:30:13-36
136            android:launchMode="singleTask"
136-->[com.google.firebase:firebase-auth:21.0.1] AndroidManifest.xml:31:13-44
137            android:theme="@android:style/Theme.Translucent.NoTitleBar" >
137-->[com.google.firebase:firebase-auth:21.0.1] AndroidManifest.xml:32:13-72
138            <intent-filter>
138-->[com.google.firebase:firebase-auth:21.0.1] AndroidManifest.xml:33:13-43:29
139                <action android:name="android.intent.action.VIEW" />
139-->[com.google.firebase:firebase-auth:21.0.1] AndroidManifest.xml:34:17-69
139-->[com.google.firebase:firebase-auth:21.0.1] AndroidManifest.xml:34:25-66
140
141                <category android:name="android.intent.category.DEFAULT" />
141-->[com.google.firebase:firebase-auth:21.0.1] AndroidManifest.xml:36:17-76
141-->[com.google.firebase:firebase-auth:21.0.1] AndroidManifest.xml:36:27-73
142                <category android:name="android.intent.category.BROWSABLE" />
142-->[com.google.firebase:firebase-auth:21.0.1] AndroidManifest.xml:37:17-78
142-->[com.google.firebase:firebase-auth:21.0.1] AndroidManifest.xml:37:27-75
143
144                <data
144-->[com.google.firebase:firebase-auth:21.0.1] AndroidManifest.xml:39:17-42:51
145                    android:host="firebase.auth"
145-->[com.google.firebase:firebase-auth:21.0.1] AndroidManifest.xml:40:21-49
146                    android:path="/"
146-->[com.google.firebase:firebase-auth:21.0.1] AndroidManifest.xml:41:21-37
147                    android:scheme="genericidp" />
147-->[com.google.firebase:firebase-auth:21.0.1] AndroidManifest.xml:42:21-48
148            </intent-filter>
149        </activity>
150        <activity
150-->[com.google.firebase:firebase-auth:21.0.1] AndroidManifest.xml:45:9-62:20
151            android:name="com.google.firebase.auth.internal.RecaptchaActivity"
151-->[com.google.firebase:firebase-auth:21.0.1] AndroidManifest.xml:46:13-79
152            android:excludeFromRecents="true"
152-->[com.google.firebase:firebase-auth:21.0.1] AndroidManifest.xml:47:13-46
153            android:exported="true"
153-->[com.google.firebase:firebase-auth:21.0.1] AndroidManifest.xml:48:13-36
154            android:launchMode="singleTask"
154-->[com.google.firebase:firebase-auth:21.0.1] AndroidManifest.xml:49:13-44
155            android:theme="@android:style/Theme.Translucent.NoTitleBar" >
155-->[com.google.firebase:firebase-auth:21.0.1] AndroidManifest.xml:50:13-72
156            <intent-filter>
156-->[com.google.firebase:firebase-auth:21.0.1] AndroidManifest.xml:51:13-61:29
157                <action android:name="android.intent.action.VIEW" />
157-->[com.google.firebase:firebase-auth:21.0.1] AndroidManifest.xml:34:17-69
157-->[com.google.firebase:firebase-auth:21.0.1] AndroidManifest.xml:34:25-66
158
159                <category android:name="android.intent.category.DEFAULT" />
159-->[com.google.firebase:firebase-auth:21.0.1] AndroidManifest.xml:36:17-76
159-->[com.google.firebase:firebase-auth:21.0.1] AndroidManifest.xml:36:27-73
160                <category android:name="android.intent.category.BROWSABLE" />
160-->[com.google.firebase:firebase-auth:21.0.1] AndroidManifest.xml:37:17-78
160-->[com.google.firebase:firebase-auth:21.0.1] AndroidManifest.xml:37:27-75
161
162                <data
162-->[com.google.firebase:firebase-auth:21.0.1] AndroidManifest.xml:39:17-42:51
163                    android:host="firebase.auth"
163-->[com.google.firebase:firebase-auth:21.0.1] AndroidManifest.xml:40:21-49
164                    android:path="/"
164-->[com.google.firebase:firebase-auth:21.0.1] AndroidManifest.xml:41:21-37
165                    android:scheme="recaptcha" />
165-->[com.google.firebase:firebase-auth:21.0.1] AndroidManifest.xml:42:21-48
166            </intent-filter>
167        </activity>
168
169        <service
169-->[com.google.firebase:firebase-auth:21.0.1] AndroidManifest.xml:64:9-73:19
170            android:name="com.google.firebase.auth.api.fallback.service.FirebaseAuthFallbackService"
170-->[com.google.firebase:firebase-auth:21.0.1] AndroidManifest.xml:65:13-101
171            android:enabled="true"
171-->[com.google.firebase:firebase-auth:21.0.1] AndroidManifest.xml:66:13-35
172            android:exported="false" >
172-->[com.google.firebase:firebase-auth:21.0.1] AndroidManifest.xml:67:13-37
173            <intent-filter>
173-->[com.google.firebase:firebase-auth:21.0.1] AndroidManifest.xml:68:13-72:29
174                <action android:name="com.google.firebase.auth.api.gms.service.START" />
174-->[com.google.firebase:firebase-auth:21.0.1] AndroidManifest.xml:69:17-89
174-->[com.google.firebase:firebase-auth:21.0.1] AndroidManifest.xml:69:25-86
175
176                <category android:name="android.intent.category.DEFAULT" />
176-->[com.google.firebase:firebase-auth:21.0.1] AndroidManifest.xml:36:17-76
176-->[com.google.firebase:firebase-auth:21.0.1] AndroidManifest.xml:36:27-73
177            </intent-filter>
178        </service>
179
180        <activity
180-->[com.google.android.gms:play-services-base:17.1.0] AndroidManifest.xml:23:9-26:75
181            android:name="com.google.android.gms.common.api.GoogleApiActivity"
181-->[com.google.android.gms:play-services-base:17.1.0] AndroidManifest.xml:24:13-79
182            android:exported="false"
182-->[com.google.android.gms:play-services-base:17.1.0] AndroidManifest.xml:25:13-37
183            android:theme="@android:style/Theme.Translucent.NoTitleBar" />
183-->[com.google.android.gms:play-services-base:17.1.0] AndroidManifest.xml:26:13-72
184
185        <provider
185-->[com.google.firebase:firebase-common:20.0.0] AndroidManifest.xml:26:9-31:39
186            android:name="com.google.firebase.provider.FirebaseInitProvider"
186-->[com.google.firebase:firebase-common:20.0.0] AndroidManifest.xml:27:13-77
187            android:authorities="com.chatAppLocation.firebaseinitprovider"
187-->[com.google.firebase:firebase-common:20.0.0] AndroidManifest.xml:28:13-72
188            android:directBootAware="true"
188-->[com.google.firebase:firebase-common:20.0.0] AndroidManifest.xml:29:13-43
189            android:exported="false"
189-->[com.google.firebase:firebase-common:20.0.0] AndroidManifest.xml:30:13-37
190            android:initOrder="100" />
190-->[com.google.firebase:firebase-common:20.0.0] AndroidManifest.xml:31:13-36
191
192        <receiver
192-->[com.google.android.gms:play-services-measurement:19.0.0] AndroidManifest.xml:29:9-33:20
193            android:name="com.google.android.gms.measurement.AppMeasurementReceiver"
193-->[com.google.android.gms:play-services-measurement:19.0.0] AndroidManifest.xml:30:13-85
194            android:enabled="true"
194-->[com.google.android.gms:play-services-measurement:19.0.0] AndroidManifest.xml:31:13-35
195            android:exported="false" >
195-->[com.google.android.gms:play-services-measurement:19.0.0] AndroidManifest.xml:32:13-37
196        </receiver>
197
198        <service
198-->[com.google.android.gms:play-services-measurement:19.0.0] AndroidManifest.xml:35:9-38:40
199            android:name="com.google.android.gms.measurement.AppMeasurementService"
199-->[com.google.android.gms:play-services-measurement:19.0.0] AndroidManifest.xml:36:13-84
200            android:enabled="true"
200-->[com.google.android.gms:play-services-measurement:19.0.0] AndroidManifest.xml:37:13-35
201            android:exported="false" />
201-->[com.google.android.gms:play-services-measurement:19.0.0] AndroidManifest.xml:38:13-37
202        <service
202-->[com.google.android.gms:play-services-measurement:19.0.0] AndroidManifest.xml:39:9-43:72
203            android:name="com.google.android.gms.measurement.AppMeasurementJobService"
203-->[com.google.android.gms:play-services-measurement:19.0.0] AndroidManifest.xml:40:13-87
204            android:enabled="true"
204-->[com.google.android.gms:play-services-measurement:19.0.0] AndroidManifest.xml:41:13-35
205            android:exported="false"
205-->[com.google.android.gms:play-services-measurement:19.0.0] AndroidManifest.xml:42:13-37
206            android:permission="android.permission.BIND_JOB_SERVICE" />
206-->[com.google.android.gms:play-services-measurement:19.0.0] AndroidManifest.xml:43:13-69
207
208        <meta-data
208-->[com.google.android.gms:play-services-basement:17.1.0] AndroidManifest.xml:23:9-25:69
209            android:name="com.google.android.gms.version"
209-->[com.google.android.gms:play-services-basement:17.1.0] AndroidManifest.xml:24:13-58
210            android:value="@integer/google_play_services_version" />
210-->[com.google.android.gms:play-services-basement:17.1.0] AndroidManifest.xml:25:13-66
211    </application>
212
213</manifest>